<?xml version='1.0' encoding='UTF-8'?>
<testsuite hostname="mochigaseeijunnoMacBook-ea.local" name="controllers.HomeControllerSpec" tests="3" errors="0" failures="0" skipped="0" time="2.36" timestamp="2020-11-20T09:57:16">
                     <properties>
[...]
</properties>
                     <testcase classname="controllers.HomeControllerSpec" name="HomeController GET should render the index page from a new instance of controller" time="1.994">
                                                 
                                               </testcase><testcase classname="controllers.HomeControllerSpec" name="HomeController GET should render the index page from the application" time="0.146">
                                                 
                                               </testcase><testcase classname="controllers.HomeControllerSpec" name="HomeController GET should render the index page from the router" time="0.22">
                                                 
                                               </testcase>
                     <system-out><![CDATA[]]></system-out>
                     <system-err><![CDATA[]]></system-err>
                   </testsuite>